<?xml version="1.0" encoding="UTF-8"?>
<!-- Generated by org.testng.reporters.JUnitReportReporter -->
<testsuite skipped="0" hostname="Havis-PC" name="Tests.whiskeyBase" tests="1" failures="0" timestamp="25 Jun 2019 08:05:51 GMT" time="2.870" errors="0">
  <testcase name="test01_searchValue" time="2.870" classname="Tests.whiskeyBase"/>
</testsuite> <!-- Tests.whiskeyBase -->
