<?xml version="1.0" encoding="UTF-8"?>
<!-- Generated by org.testng.reporters.JUnitReportReporter -->
<testsuite skipped="1" hostname="DESKTOP-LLP4AP7" name="Tests.WhiskeyBaseTests" tests="2" failures="0" timestamp="02 אוג 2019 09:25:45 GMT" time="51.511" errors="1">
  <testcase name="startSession" time="51.511" classname="Tests.WhiskeyBaseTests">
    <error type="org.openqa.selenium.WebDriverException" message="Failed to connect to binary FirefoxBinary(C:\Program Files\Mozilla Firefox\firefox.exe) on port 7055; process output follows: 
null,&quot;locales&quot;:[&quot;ca&quot;]},{&quot;name&quot;:&quot;Wikipֳ©dia (sk)&quot;,&quot;description&quot;:&quot;Wikipֳ©dia, slobodnֳ¡ a otvorenֳ¡ encyklopֳ©dia&quot;,&quot;creator&quot;:null,&quot;developers&quot;:null,&quot;translators&quot;:null,&quot;contributors&quot;:null,&quot;locales&quot;:[&quot;sk&quot;]},{&quot;name&quot;:&quot;׀’׀¸׀÷׀¸׀¿׀µ׀´׀¸ׁ˜׀° (sr)&quot;,&quot;description&quot;:&quot;׀�ׁ€׀µׁ‚ׁ€׀°׀³׀° ׀’׀¸׀÷׀¸׀¿׀µ׀´׀¸ׁ˜׀µ ׀½׀° ׁ�ׁ€׀¿ׁ�׀÷׀¾׀¼ ׁ˜׀µ׀·׀¸׀÷ׁƒ&quot;,&quot;creator&quot;:null,&quot;developers&quot;:null,&quot;translators&quot;:null,&quot;contributors&quot;:null,&quot;locales&quot;:[&quot;sr&quot;]},{&quot;name&quot;:&quot;Wikipedia (af)&quot;,&quot;description&quot;:&quot;Wikipedia, die vrye ensiklopedie&quot;,&quot;creator&quot;:null,&quot;developers&quot;:null,&quot;translators&quot;:null,&quot;contributors&quot;:null,&quot;locales&quot;:[&quot;af&quot;]},{&quot;name&quot;:&quot;Wikipedija (dsb)&quot;,&quot;description&quot;:&quot;Wikipedija, lichotna encyklopedija&quot;,&quot;creator&quot;:null,&quot;developers&quot;:null,&quot;translators&quot;:null,&quot;contributors&quot;:null,&quot;locales&quot;:[&quot;dsb&quot;]},{&quot;name&quot;:&quot;�ˆ���©��ג€��¾״¯��״§ (fa)&quot;,&quot;description&quot;:&quot;�ˆ���©��ג€��¾״¯��״§״� ״¯״§�†״´�†״§�…�‡�” ״¢״²״§״¯&quot;,&quot;creator&quot;:null,&quot;developers&quot;:null,&quot;translators&quot;:null,&quot;contributors&quot;:null,&quot;locales&quot;:[&quot;fa&quot;]},{&quot;name&quot;:&quot;א´µא´¿א´•אµ�א´•א´¿א´×אµ€א´¡א´¿א´¯ (ml)&quot;,&quot;description&quot;:&quot;א´µא´¿א´•אµ�א´•א´¿א´×אµ€א´¡א´¿א´¯, א´¸אµ�א´µא´₪א´¨אµ�א´₪אµ�א´° א´¸א´°אµ�ג€�א´µאµ�א´µא´µא´¿א´�אµ�א´�א´¾א´¨א´•אµ‹א´¶א´‚ &quot;,&quot;creator&quot;:null,&quot;developers&quot;:null,&quot;translators&quot;:null,&quot;contributors&quot;:null,&quot;locales&quot;:[&quot;ml&quot;]},{&quot;name&quot;:&quot;Wikipedia (ms)&quot;,&quot;description&quot;:&quot;Wikipedia, ensiklopedia bebas&quot;,&quot;creator&quot;:null,&quot;developers&quot;:null,&quot;translators&quot;:null,&quot;contributors&quot;:null,&quot;locales&quot;:[&quot;ms&quot;]},{&quot;name&quot;:&quot;Wikipedia (ia)&quot;,&quot;description&quot;:&quot;Wikipedia, le encyclopedia libere&quot;,&quot;creator&quot;:null,&quot;developers&quot;:null,&quot;translators&quot;:null,&quot;contributors&quot;:null,&quot;locales&quot;:[&quot;ia&quot;]},{&quot;name&quot;:&quot;׀’׀¸׀÷׀¸׀¿׀µ׀´׀¸ׁ� (ru)&quot;,&quot;description&quot;:&quot;׀’׀¸׀÷׀¸׀¿׀µ׀´׀¸ׁ�, ׁ�׀²׀¾׀±׀¾׀´׀½׀°ׁ� ׁ�׀½ׁ†׀¸׀÷׀»׀¾׀¿׀µ׀´׀¸ׁ�&quot;,&quot;creator&quot;:null,&quot;developers&quot;:null,&quot;translators&quot;:null,&quot;contributors&quot;:null,&quot;locales&quot;:[&quot;ru&quot;]},{&quot;name&quot;:&quot;Wikipedia (br)&quot;,&quot;description&quot;:&quot;Wikipedia, an holloueziadur digor&quot;,&quot;creator&quot;:null,&quot;developers&quot;:null,&quot;translators&quot;:null,&quot;contributors&quot;:null,&quot;locales&quot;:[&quot;br&quot;]},{&quot;name&quot;:&quot;Wikipedia (pl)&quot;,&quot;description&quot;:&quot;Wikipedia, wolna encyklopedia&quot;,&quot;creator&quot;:null,&quot;developers&quot;:null,&quot;translators&quot;:null,&quot;contributors&quot;:null,&quot;locales&quot;:[&quot;pl&quot;]},{&quot;name&quot;:&quot;׀’ׁ–׀÷ׁ–׀¿ׁ�׀´ׁ‹ׁ� (be-tarask)&quot;,&quot;description&quot;:&quot;׀’ׁ–׀÷ׁ–׀¿ׁ�׀´ׁ‹ׁ�, ׀²׀¾׀»ׁ�׀½׀°ׁ� ׁ�׀½ׁ†ׁ‹׀÷׀»ׁ�׀¿ׁ�׀´ׁ‹ׁ�&quot;,&quot;creator&quot;:null,&quot;developers&quot;:null,&quot;translators&quot;:null,&quot;contributors&quot;:null,&quot;locales&quot;:[&quot;be-tarask&quot;]},{&quot;name&quot;:&quot;Wikipedia (sv)&quot;,&quot;description&quot;:&quot;Wikipedia, den fria encyklopedin&quot;,&quot;creator&quot;:null,&quot;developers&quot;:null,&quot;translators&quot;:null,&quot;contributors&quot;:null,&quot;locales&quot;:[&quot;sv-SE&quot;]},{&quot;name&quot;:&quot;א÷§א÷´א÷�א÷´א÷�א÷µא»€א÷”א÷� (lo)&quot;,&quot;description&quot;:&quot;א÷§א÷´א÷�א÷´א÷�א÷µא»€א÷”א÷�, א÷×א÷²א÷¥א÷²א÷™א÷¸א÷�א÷»א÷¡א»€א÷×א÷¥א÷µ&quot;,&quot;creator&quot;:null,&quot;developers&quot;:null,&quot;translators&quot;:null,&quot;contributors&quot;:null,&quot;locales&quot;:[&quot;lo&quot;]},{&quot;name&quot;:&quot;Wikipedija (sl)&quot;,&quot;description&quot;:&quot;Wikipedija, prosta enciklopedija&quot;,&quot;creator&quot;:null,&quot;developers&quot;:null,&quot;translators&quot;:null,&quot;contributors&quot;:null,&quot;locales&quot;:[&quot;sl&quot;]},{&quot;name&quot;:&quot;Vikipִ“dija&quot;,&quot;description&quot;:&quot;Vikipִ“dija, brִ«vִ� enciklopִ“dija&quot;,&quot;creator&quot;:null,&quot;developers&quot;:null,&quot;translators&quot;:null,&quot;contributors&quot;:null,&quot;locales&quot;:[&quot;lv&quot;]},{&quot;name&quot;:&quot;Biquipedia (an)&quot;,&quot;description&quot;:&quot;A enciclopedia Libre&quot;,&quot;creator&quot;:null,&quot;developers&quot;:null,&quot;translators&quot;:null,&quot;contributors&quot;:null,&quot;locales&quot;:[&quot;an&quot;]},{&quot;name&quot;:&quot;Wikipedia (no)&quot;,&quot;description&quot;:&quot;Wikipedia, den frie encyklopedi&quot;,&quot;creator&quot;:null,&quot;developers&quot;:null,&quot;translators&quot;:null,&quot;contributors&quot;:null,&quot;locales&quot;:[&quot;NO&quot;]}],&quot;targetApplications&quot;:[{&quot;id&quot;:&quot;toolkit@mozilla.org&quot;,&quot;minVersion&quot;:null,&quot;maxVersion&quot;:null}],&quot;targetPlatforms&quot;:[],&quot;seen&quot;:true,&quot;dependencies&quot;:[],&quot;incognito&quot;:&quot;spanning&quot;,&quot;userPermissions&quot;:{&quot;permissions&quot;:[],&quot;origins&quot;:[]},&quot;icons&quot;:{&quot;16&quot;:&quot;favicon.ico&quot;},&quot;iconURL&quot;:null,&quot;blocklistState&quot;:0,&quot;blocklistURL&quot;:null,&quot;startupData&quot;:null,&quot;hidden&quot;:true,&quot;installTelemetryInfo&quot;:null,&quot;recommendationState&quot;:null,&quot;rootURI&quot;:&quot;resource://search-extensions/wikipedia/&quot;,&quot;location&quot;:&quot;app-builtin&quot;}
1564737902152	addons.xpi	DEBUG	Loading bootstrap scope from resource://search-extensions/wikipedia/
1564737902152	addons.xpi	DEBUG	Calling bootstrap method install on wikipedia@search.mozilla.org version 1.0
1564737902152	addons.xpi	DEBUG	Calling bootstrap method startup on wikipedia@search.mozilla.org version 1.0

Build info: version: &#039;2.53.1&#039;, revision: &#039;a36b8b1cd5757287168e54b817830adce9b0158d&#039;, time: &#039;2016-06-30 19:26:09&#039;
System info: host: &#039;DESKTOP-LLP4AP7&#039;, ip: &#039;10.0.0.27&#039;, os.name: &#039;Windows 10&#039;, os.arch: &#039;amd64&#039;, os.version: &#039;10.0&#039;, java.version: &#039;1.8.0_201&#039;
Driver info: driver.version: FirefoxDriver">
      <![CDATA[org.openqa.selenium.WebDriverException: Failed to connect to binary FirefoxBinary(C:\Program Files\Mozilla Firefox\firefox.exe) on port 7055; process output follows: 
null,"locales":["ca"]},{"name":"Wikipֳ©dia (sk)","description":"Wikipֳ©dia, slobodnֳ¡ a otvorenֳ¡ encyklopֳ©dia","creator":null,"developers":null,"translators":null,"contributors":null,"locales":["sk"]},{"name":"׀’׀¸׀÷׀¸׀¿׀µ׀´׀¸ׁ˜׀° (sr)","description":"׀�ׁ€׀µׁ‚ׁ€׀°׀³׀° ׀’׀¸׀÷׀¸׀¿׀µ׀´׀¸ׁ˜׀µ ׀½׀° ׁ�ׁ€׀¿ׁ�׀÷׀¾׀¼ ׁ˜׀µ׀·׀¸׀÷ׁƒ","creator":null,"developers":null,"translators":null,"contributors":null,"locales":["sr"]},{"name":"Wikipedia (af)","description":"Wikipedia, die vrye ensiklopedie","creator":null,"developers":null,"translators":null,"contributors":null,"locales":["af"]},{"name":"Wikipedija (dsb)","description":"Wikipedija, lichotna encyklopedija","creator":null,"developers":null,"translators":null,"contributors":null,"locales":["dsb"]},{"name":"�ˆ���©��ג€��¾״¯��״§ (fa)","description":"�ˆ���©��ג€��¾״¯��״§״� ״¯״§�†״´�†״§�…�‡�” ״¢״²״§״¯","creator":null,"developers":null,"translators":null,"contributors":null,"locales":["fa"]},{"name":"א´µא´¿א´•אµ�א´•א´¿א´×אµ€א´¡א´¿א´¯ (ml)","description":"א´µא´¿א´•אµ�א´•א´¿א´×אµ€א´¡א´¿א´¯, א´¸אµ�א´µא´₪א´¨אµ�א´₪אµ�א´° א´¸א´°אµ�ג€�א´µאµ�א´µא´µא´¿א´�אµ�א´�א´¾א´¨א´•אµ‹א´¶א´‚ ","creator":null,"developers":null,"translators":null,"contributors":null,"locales":["ml"]},{"name":"Wikipedia (ms)","description":"Wikipedia, ensiklopedia bebas","creator":null,"developers":null,"translators":null,"contributors":null,"locales":["ms"]},{"name":"Wikipedia (ia)","description":"Wikipedia, le encyclopedia libere","creator":null,"developers":null,"translators":null,"contributors":null,"locales":["ia"]},{"name":"׀’׀¸׀÷׀¸׀¿׀µ׀´׀¸ׁ� (ru)","description":"׀’׀¸׀÷׀¸׀¿׀µ׀´׀¸ׁ�, ׁ�׀²׀¾׀±׀¾׀´׀½׀°ׁ� ׁ�׀½ׁ†׀¸׀÷׀»׀¾׀¿׀µ׀´׀¸ׁ�","creator":null,"developers":null,"translators":null,"contributors":null,"locales":["ru"]},{"name":"Wikipedia (br)","description":"Wikipedia, an holloueziadur digor","creator":null,"developers":null,"translators":null,"contributors":null,"locales":["br"]},{"name":"Wikipedia (pl)","description":"Wikipedia, wolna encyklopedia","creator":null,"developers":null,"translators":null,"contributors":null,"locales":["pl"]},{"name":"׀’ׁ–׀÷ׁ–׀¿ׁ�׀´ׁ‹ׁ� (be-tarask)","description":"׀’ׁ–׀÷ׁ–׀¿ׁ�׀´ׁ‹ׁ�, ׀²׀¾׀»ׁ�׀½׀°ׁ� ׁ�׀½ׁ†ׁ‹׀÷׀»ׁ�׀¿ׁ�׀´ׁ‹ׁ�","creator":null,"developers":null,"translators":null,"contributors":null,"locales":["be-tarask"]},{"name":"Wikipedia (sv)","description":"Wikipedia, den fria encyklopedin","creator":null,"developers":null,"translators":null,"contributors":null,"locales":["sv-SE"]},{"name":"א÷§א÷´א÷�א÷´א÷�א÷µא»€א÷”א÷� (lo)","description":"א÷§א÷´א÷�א÷´א÷�א÷µא»€א÷”א÷�, א÷×א÷²א÷¥א÷²א÷™א÷¸א÷�א÷»א÷¡א»€א÷×א÷¥א÷µ","creator":null,"developers":null,"translators":null,"contributors":null,"locales":["lo"]},{"name":"Wikipedija (sl)","description":"Wikipedija, prosta enciklopedija","creator":null,"developers":null,"translators":null,"contributors":null,"locales":["sl"]},{"name":"Vikipִ“dija","description":"Vikipִ“dija, brִ«vִ� enciklopִ“dija","creator":null,"developers":null,"translators":null,"contributors":null,"locales":["lv"]},{"name":"Biquipedia (an)","description":"A enciclopedia Libre","creator":null,"developers":null,"translators":null,"contributors":null,"locales":["an"]},{"name":"Wikipedia (no)","description":"Wikipedia, den frie encyklopedi","creator":null,"developers":null,"translators":null,"contributors":null,"locales":["NO"]}],"targetApplications":[{"id":"toolkit@mozilla.org","minVersion":null,"maxVersion":null}],"targetPlatforms":[],"seen":true,"dependencies":[],"incognito":"spanning","userPermissions":{"permissions":[],"origins":[]},"icons":{"16":"favicon.ico"},"iconURL":null,"blocklistState":0,"blocklistURL":null,"startupData":null,"hidden":true,"installTelemetryInfo":null,"recommendationState":null,"rootURI":"resource://search-extensions/wikipedia/","location":"app-builtin"}
1564737902152addons.xpiDEBUGLoading bootstrap scope from resource://search-extensions/wikipedia/
1564737902152addons.xpiDEBUGCalling bootstrap method install on wikipedia@search.mozilla.org version 1.0
1564737902152addons.xpiDEBUGCalling bootstrap method startup on wikipedia@search.mozilla.org version 1.0

Build info: version: '2.53.1', revision: 'a36b8b1cd5757287168e54b817830adce9b0158d', time: '2016-06-30 19:26:09'
System info: host: 'DESKTOP-LLP4AP7', ip: '10.0.0.27', os.name: 'Windows 10', os.arch: 'amd64', os.version: '10.0', java.version: '1.8.0_201'
Driver info: driver.version: FirefoxDriver
at org.openqa.selenium.firefox.internal.NewProfileExtensionConnection.start(NewProfileExtensionConnection.java:125)
at org.openqa.selenium.firefox.FirefoxDriver.startClient(FirefoxDriver.java:271)
at org.openqa.selenium.remote.RemoteWebDriver.<init>(RemoteWebDriver.java:119)
at org.openqa.selenium.firefox.FirefoxDriver.<init>(FirefoxDriver.java:216)
at org.openqa.selenium.firefox.FirefoxDriver.<init>(FirefoxDriver.java:211)
at org.openqa.selenium.firefox.FirefoxDriver.<init>(FirefoxDriver.java:207)
at org.openqa.selenium.firefox.FirefoxDriver.<init>(FirefoxDriver.java:120)
at Utilities.commonOps.initBrowser(commonOps.java:59)
at Utilities.commonOps.startSession(commonOps.java:141)
at sun.reflect.NativeMethodAccessorImpl.invoke0(Native Method)
at sun.reflect.NativeMethodAccessorImpl.invoke(Unknown Source)
at sun.reflect.DelegatingMethodAccessorImpl.invoke(Unknown Source)
at java.lang.reflect.Method.invoke(Unknown Source)
at org.testng.internal.MethodInvocationHelper.invokeMethod(MethodInvocationHelper.java:124)
at org.testng.internal.MethodInvocationHelper.invokeMethodConsideringTimeout(MethodInvocationHelper.java:59)
at org.testng.internal.Invoker.invokeConfigurationMethod(Invoker.java:458)
at org.testng.internal.Invoker.invokeConfigurations(Invoker.java:222)
at org.testng.internal.Invoker.invokeConfigurations(Invoker.java:142)
at org.testng.internal.TestMethodWorker.invokeBeforeClassMethods(TestMethodWorker.java:168)
at org.testng.internal.TestMethodWorker.run(TestMethodWorker.java:105)
at org.testng.TestRunner.privateRun(TestRunner.java:648)
at org.testng.TestRunner.run(TestRunner.java:505)
at org.testng.SuiteRunner.runTest(SuiteRunner.java:455)
at org.testng.SuiteRunner.runSequentially(SuiteRunner.java:450)
at org.testng.SuiteRunner.privateRun(SuiteRunner.java:415)
at org.testng.SuiteRunner.run(SuiteRunner.java:364)
at org.testng.SuiteRunnerWorker.runSuite(SuiteRunnerWorker.java:52)
at org.testng.SuiteRunnerWorker.run(SuiteRunnerWorker.java:84)
at org.testng.TestNG.runSuitesSequentially(TestNG.java:1208)
at org.testng.TestNG.runSuitesLocally(TestNG.java:1137)
at org.testng.TestNG.runSuites(TestNG.java:1049)
at org.testng.TestNG.run(TestNG.java:1017)
at org.testng.remote.AbstractRemoteTestNG.run(AbstractRemoteTestNG.java:115)
at org.testng.remote.RemoteTestNG.initAndRun(RemoteTestNG.java:251)
at org.testng.remote.RemoteTestNG.main(RemoteTestNG.java:77)
Caused by: org.openqa.selenium.firefox.NotConnectedException: Unable to connect to host 127.0.0.1 on port 7055 after 45000 ms. Firefox console output:
null,"locales":["ca"]},{"name":"Wikipֳ©dia (sk)","description":"Wikipֳ©dia, slobodnֳ¡ a otvorenֳ¡ encyklopֳ©dia","creator":null,"developers":null,"translators":null,"contributors":null,"locales":["sk"]},{"name":"׀’׀¸׀÷׀¸׀¿׀µ׀´׀¸ׁ˜׀° (sr)","description":"׀�ׁ€׀µׁ‚ׁ€׀°׀³׀° ׀’׀¸׀÷׀¸׀¿׀µ׀´׀¸ׁ˜׀µ ׀½׀° ׁ�ׁ€׀¿ׁ�׀÷׀¾׀¼ ׁ˜׀µ׀·׀¸׀÷ׁƒ","creator":null,"developers":null,"translators":null,"contributors":null,"locales":["sr"]},{"name":"Wikipedia (af)","description":"Wikipedia, die vrye ensiklopedie","creator":null,"developers":null,"translators":null,"contributors":null,"locales":["af"]},{"name":"Wikipedija (dsb)","description":"Wikipedija, lichotna encyklopedija","creator":null,"developers":null,"translators":null,"contributors":null,"locales":["dsb"]},{"name":"�ˆ���©��ג€��¾״¯��״§ (fa)","description":"�ˆ���©��ג€��¾״¯��״§״� ״¯״§�†״´�†״§�…�‡�” ״¢״²״§״¯","creator":null,"developers":null,"translators":null,"contributors":null,"locales":["fa"]},{"name":"א´µא´¿א´•אµ�א´•א´¿א´×אµ€א´¡א´¿א´¯ (ml)","description":"א´µא´¿א´•אµ�א´•א´¿א´×אµ€א´¡א´¿א´¯, א´¸אµ�א´µא´₪א´¨אµ�א´₪אµ�א´° א´¸א´°אµ�ג€�א´µאµ�א´µא´µא´¿א´�אµ�א´�א´¾א´¨א´•אµ‹א´¶א´‚ ","creator":null,"developers":null,"translators":null,"contributors":null,"locales":["ml"]},{"name":"Wikipedia (ms)","description":"Wikipedia, ensiklopedia bebas","creator":null,"developers":null,"translators":null,"contributors":null,"locales":["ms"]},{"name":"Wikipedia (ia)","description":"Wikipedia, le encyclopedia libere","creator":null,"developers":null,"translators":null,"contributors":null,"locales":["ia"]},{"name":"׀’׀¸׀÷׀¸׀¿׀µ׀´׀¸ׁ� (ru)","description":"׀’׀¸׀÷׀¸׀¿׀µ׀´׀¸ׁ�, ׁ�׀²׀¾׀±׀¾׀´׀½׀°ׁ� ׁ�׀½ׁ†׀¸׀÷׀»׀¾׀¿׀µ׀´׀¸ׁ�","creator":null,"developers":null,"translators":null,"contributors":null,"locales":["ru"]},{"name":"Wikipedia (br)","description":"Wikipedia, an holloueziadur digor","creator":null,"developers":null,"translators":null,"contributors":null,"locales":["br"]},{"name":"Wikipedia (pl)","description":"Wikipedia, wolna encyklopedia","creator":null,"developers":null,"translators":null,"contributors":null,"locales":["pl"]},{"name":"׀’ׁ–׀÷ׁ–׀¿ׁ�׀´ׁ‹ׁ� (be-tarask)","description":"׀’ׁ–׀÷ׁ–׀¿ׁ�׀´ׁ‹ׁ�, ׀²׀¾׀»ׁ�׀½׀°ׁ� ׁ�׀½ׁ†ׁ‹׀÷׀»ׁ�׀¿ׁ�׀´ׁ‹ׁ�","creator":null,"developers":null,"translators":null,"contributors":null,"locales":["be-tarask"]},{"name":"Wikipedia (sv)","description":"Wikipedia, den fria encyklopedin","creator":null,"developers":null,"translators":null,"contributors":null,"locales":["sv-SE"]},{"name":"א÷§א÷´א÷�א÷´א÷�א÷µא»€א÷”א÷� (lo)","description":"א÷§א÷´א÷�א÷´א÷�א÷µא»€א÷”א÷�, א÷×א÷²א÷¥א÷²א÷™א÷¸א÷�א÷»א÷¡א»€א÷×א÷¥א÷µ","creator":null,"developers":null,"translators":null,"contributors":null,"locales":["lo"]},{"name":"Wikipedija (sl)","description":"Wikipedija, prosta enciklopedija","creator":null,"developers":null,"translators":null,"contributors":null,"locales":["sl"]},{"name":"Vikipִ“dija","description":"Vikipִ“dija, brִ«vִ� enciklopִ“dija","creator":null,"developers":null,"translators":null,"contributors":null,"locales":["lv"]},{"name":"Biquipedia (an)","description":"A enciclopedia Libre","creator":null,"developers":null,"translators":null,"contributors":null,"locales":["an"]},{"name":"Wikipedia (no)","description":"Wikipedia, den frie encyklopedi","creator":null,"developers":null,"translators":null,"contributors":null,"locales":["NO"]}],"targetApplications":[{"id":"toolkit@mozilla.org","minVersion":null,"maxVersion":null}],"targetPlatforms":[],"seen":true,"dependencies":[],"incognito":"spanning","userPermissions":{"permissions":[],"origins":[]},"icons":{"16":"favicon.ico"},"iconURL":null,"blocklistState":0,"blocklistURL":null,"startupData":null,"hidden":true,"installTelemetryInfo":null,"recommendationState":null,"rootURI":"resource://search-extensions/wikipedia/","location":"app-builtin"}
1564737902152addons.xpiDEBUGLoading bootstrap scope from resource://search-extensions/wikipedia/
1564737902152addons.xpiDEBUGCalling bootstrap method install on wikipedia@search.mozilla.org version 1.0
1564737902152addons.xpiDEBUGCalling bootstrap method startup on wikipedia@search.mozilla.org version 1.0

at org.openqa.selenium.firefox.internal.NewProfileExtensionConnection.start(NewProfileExtensionConnection.java:113)
... 34 more
]]>
    </error>
  </testcase> <!-- startSession -->
  <testcase name="test01_searchValue" time="0.000" classname="Tests.WhiskeyBaseTests">
    <skipped/>
  </testcase> <!-- test01_searchValue -->
</testsuite> <!-- Tests.WhiskeyBaseTests -->
